<?xml version="1.0" encoding="UTF-8"?>
<testsuites name="jest tests" tests="1" failures="1" errors="0" time="0.61">
  <testsuite name="health endpoint" errors="0" failures="1" skipped="0" timestamp="2025-08-11T10:14:47" time="0.549" tests="1">
    <testcase classname="health endpoint returns ok and correct message key" name="health endpoint returns ok and correct message key" time="0.029">
      <failure>Error: expect(received).toContain(expected) // indexOf

Matcher error: received value must not be null nor undefined

Received has value: undefined
    at Object.toContain (/home/dheerajgundavaram/gke-vertex-demo/app/__tests__/health.test.js:10:30)
    at processTicksAndRejections (node:internal/process/task_queues:105:5)</failure>
    </testcase>
  </testsuite>
</testsuites>